{"C:\\Users\\yarts\\OneDrive\\Desktop\\ВУЗ\\Информационные системы в экономике - Песковацков\\web-programming-course\\lessons\\lr5\\src\\components\\MainComponents\\FinishScreen.tsx": {"path":"C:\\Users\\yarts\\OneDrive\\Desktop\\ВУЗ\\Информационные системы в экономике - Песковацков\\web-programming-course\\lessons\\lr5\\src\\components\\MainComponents\\FinishScreen.tsx","all":false,"statementMap":{"0":{"start":{"line":1,"column":0},"end":{"line":1,"column":41}},"1":{"start":{"line":2,"column":0},"end":{"line":2,"column":44}},"2":{"start":{"line":3,"column":0},"end":{"line":3,"column":0}},"3":{"start":{"line":4,"column":0},"end":{"line":4,"column":32}},"4":{"start":{"line":5,"column":0},"end":{"line":5,"column":15}},"5":{"start":{"line":6,"column":0},"end":{"line":6,"column":16}},"6":{"start":{"line":7,"column":0},"end":{"line":7,"column":30}},"7":{"start":{"line":8,"column":0},"end":{"line":8,"column":24}},"8":{"start":{"line":9,"column":0},"end":{"line":9,"column":24}},"9":{"start":{"line":10,"column":0},"end":{"line":10,"column":1}},"10":{"start":{"line":11,"column":0},"end":{"line":11,"column":0}},"11":{"start":{"line":12,"column":0},"end":{"line":12,"column":42}},"12":{"start":{"line":13,"column":0},"end":{"line":13,"column":41}},"13":{"start":{"line":14,"column":0},"end":{"line":14,"column":55}},"14":{"start":{"line":15,"column":0},"end":{"line":15,"column":45}},"15":{"start":{"line":16,"column":0},"end":{"line":16,"column":44}},"16":{"start":{"line":17,"column":0},"end":{"line":17,"column":58}},"17":{"start":{"line":18,"column":0},"end":{"line":18,"column":5}},"18":{"start":{"line":19,"column":0},"end":{"line":19,"column":40}},"19":{"start":{"line":20,"column":0},"end":{"line":20,"column":37}},"20":{"start":{"line":21,"column":0},"end":{"line":21,"column":31}},"21":{"start":{"line":22,"column":0},"end":{"line":22,"column":0}},"22":{"start":{"line":23,"column":0},"end":{"line":23,"column":66}},"23":{"start":{"line":24,"column":0},"end":{"line":24,"column":73}},"24":{"start":{"line":25,"column":0},"end":{"line":25,"column":76}},"25":{"start":{"line":26,"column":0},"end":{"line":26,"column":79}},"26":{"start":{"line":27,"column":0},"end":{"line":27,"column":91}},"27":{"start":{"line":28,"column":0},"end":{"line":28,"column":10}},"28":{"start":{"line":29,"column":0},"end":{"line":29,"column":46}},"29":{"start":{"line":30,"column":0},"end":{"line":30,"column":46}},"30":{"start":{"line":31,"column":0},"end":{"line":31,"column":68}},"31":{"start":{"line":32,"column":0},"end":{"line":32,"column":12}},"32":{"start":{"line":33,"column":0},"end":{"line":33,"column":4}},"33":{"start":{"line":34,"column":0},"end":{"line":34,"column":30}},"34":{"start":{"line":35,"column":0},"end":{"line":35,"column":42}},"35":{"start":{"line":36,"column":0},"end":{"line":36,"column":42}},"36":{"start":{"line":37,"column":0},"end":{"line":37,"column":42}},"37":{"start":{"line":38,"column":0},"end":{"line":38,"column":20}},"38":{"start":{"line":39,"column":0},"end":{"line":39,"column":8}},"39":{"start":{"line":40,"column":0},"end":{"line":40,"column":0}},"40":{"start":{"line":41,"column":0},"end":{"line":41,"column":12}},"41":{"start":{"line":42,"column":0},"end":{"line":42,"column":145}},"42":{"start":{"line":43,"column":0},"end":{"line":43,"column":123}},"43":{"start":{"line":44,"column":0},"end":{"line":44,"column":59}},"44":{"start":{"line":45,"column":0},"end":{"line":45,"column":0}},"45":{"start":{"line":46,"column":0},"end":{"line":46,"column":65}},"46":{"start":{"line":47,"column":0},"end":{"line":47,"column":27}},"47":{"start":{"line":48,"column":0},"end":{"line":48,"column":15}},"48":{"start":{"line":49,"column":0},"end":{"line":49,"column":0}},"49":{"start":{"line":50,"column":0},"end":{"line":50,"column":32}},"50":{"start":{"line":51,"column":0},"end":{"line":51,"column":114}},"51":{"start":{"line":52,"column":0},"end":{"line":52,"column":21}},"52":{"start":{"line":53,"column":0},"end":{"line":53,"column":16}},"53":{"start":{"line":54,"column":0},"end":{"line":54,"column":57}},"54":{"start":{"line":55,"column":0},"end":{"line":55,"column":16}},"55":{"start":{"line":56,"column":0},"end":{"line":56,"column":0}},"56":{"start":{"line":57,"column":0},"end":{"line":57,"column":102}},"57":{"start":{"line":58,"column":0},"end":{"line":58,"column":50}},"58":{"start":{"line":59,"column":0},"end":{"line":59,"column":112}},"59":{"start":{"line":60,"column":0},"end":{"line":60,"column":16}},"60":{"start":{"line":61,"column":0},"end":{"line":61,"column":114}},"61":{"start":{"line":62,"column":0},"end":{"line":62,"column":27}},"62":{"start":{"line":63,"column":0},"end":{"line":63,"column":16}},"63":{"start":{"line":64,"column":0},"end":{"line":64,"column":16}},"64":{"start":{"line":65,"column":0},"end":{"line":65,"column":0}},"65":{"start":{"line":66,"column":0},"end":{"line":66,"column":17}},"66":{"start":{"line":67,"column":0},"end":{"line":67,"column":39}},"67":{"start":{"line":68,"column":0},"end":{"line":68,"column":151}},"68":{"start":{"line":69,"column":0},"end":{"line":69,"column":11}},"69":{"start":{"line":70,"column":0},"end":{"line":70,"column":24}},"70":{"start":{"line":71,"column":0},"end":{"line":71,"column":19}},"71":{"start":{"line":72,"column":0},"end":{"line":72,"column":14}},"72":{"start":{"line":73,"column":0},"end":{"line":73,"column":12}},"73":{"start":{"line":74,"column":0},"end":{"line":74,"column":6}},"74":{"start":{"line":75,"column":0},"end":{"line":75,"column":1}}},"s":{"0":1,"1":1,"2":1,"3":1,"4":1,"5":1,"6":1,"7":1,"8":1,"9":1,"10":1,"11":1,"12":12,"13":12,"14":12,"15":12,"16":12,"17":12,"18":12,"19":10,"20":2,"21":12,"22":12,"23":12,"24":12,"25":12,"26":12,"27":12,"28":12,"29":12,"30":12,"31":0,"32":12,"33":12,"34":12,"35":12,"36":12,"37":2,"38":12,"39":12,"40":12,"41":12,"42":12,"43":12,"44":12,"45":12,"46":12,"47":12,"48":12,"49":12,"50":12,"51":12,"52":12,"53":12,"54":12,"55":12,"56":12,"57":12,"58":12,"59":12,"60":12,"61":12,"62":12,"63":12,"64":12,"65":12,"66":12,"67":12,"68":12,"69":12,"70":12,"71":12,"72":12,"73":12,"74":12},"branchMap":{"0":{"type":"branch","line":12,"loc":{"start":{"line":12,"column":7},"end":{"line":75,"column":1}},"locations":[{"start":{"line":12,"column":7},"end":{"line":75,"column":1}}]},"1":{"type":"branch","line":19,"loc":{"start":{"line":19,"column":33},"end":{"line":20,"column":37}},"locations":[{"start":{"line":19,"column":33},"end":{"line":20,"column":37}}]},"2":{"type":"branch","line":20,"loc":{"start":{"line":20,"column":6},"end":{"line":21,"column":31}},"locations":[{"start":{"line":20,"column":6},"end":{"line":21,"column":31}}]},"3":{"type":"branch","line":23,"loc":{"start":{"line":23,"column":29},"end":{"line":23,"column":52}},"locations":[{"start":{"line":23,"column":29},"end":{"line":23,"column":52}}]},"4":{"type":"branch","line":23,"loc":{"start":{"line":23,"column":39},"end":{"line":23,"column":66}},"locations":[{"start":{"line":23,"column":39},"end":{"line":23,"column":66}}]},"5":{"type":"branch","line":24,"loc":{"start":{"line":24,"column":32},"end":{"line":24,"column":60}},"locations":[{"start":{"line":24,"column":32},"end":{"line":24,"column":60}}]},"6":{"type":"branch","line":24,"loc":{"start":{"line":24,"column":42},"end":{"line":24,"column":73}},"locations":[{"start":{"line":24,"column":42},"end":{"line":24,"column":73}}]},"7":{"type":"branch","line":25,"loc":{"start":{"line":25,"column":32},"end":{"line":25,"column":60}},"locations":[{"start":{"line":25,"column":32},"end":{"line":25,"column":60}}]},"8":{"type":"branch","line":25,"loc":{"start":{"line":25,"column":42},"end":{"line":25,"column":76}},"locations":[{"start":{"line":25,"column":42},"end":{"line":25,"column":76}}]},"9":{"type":"branch","line":26,"loc":{"start":{"line":26,"column":35},"end":{"line":26,"column":63}},"locations":[{"start":{"line":26,"column":35},"end":{"line":26,"column":63}}]},"10":{"type":"branch","line":26,"loc":{"start":{"line":26,"column":45},"end":{"line":26,"column":79}},"locations":[{"start":{"line":26,"column":45},"end":{"line":26,"column":79}}]},"11":{"type":"branch","line":27,"loc":{"start":{"line":27,"column":35},"end":{"line":27,"column":69}},"locations":[{"start":{"line":27,"column":35},"end":{"line":27,"column":69}}]},"12":{"type":"branch","line":27,"loc":{"start":{"line":27,"column":45},"end":{"line":27,"column":91}},"locations":[{"start":{"line":27,"column":45},"end":{"line":27,"column":91}}]},"13":{"type":"branch","line":31,"loc":{"start":{"line":31,"column":67},"end":{"line":32,"column":12}},"locations":[{"start":{"line":31,"column":67},"end":{"line":32,"column":12}}]},"14":{"type":"branch","line":51,"loc":{"start":{"line":51,"column":58},"end":{"line":51,"column":88}},"locations":[{"start":{"line":51,"column":58},"end":{"line":51,"column":88}}]},"15":{"type":"branch","line":51,"loc":{"start":{"line":51,"column":68},"end":{"line":51,"column":105}},"locations":[{"start":{"line":51,"column":68},"end":{"line":51,"column":105}}]},"16":{"type":"branch","line":57,"loc":{"start":{"line":57,"column":39},"end":{"line":57,"column":65}},"locations":[{"start":{"line":57,"column":39},"end":{"line":57,"column":65}}]},"17":{"type":"branch","line":57,"loc":{"start":{"line":57,"column":49},"end":{"line":57,"column":78}},"locations":[{"start":{"line":57,"column":49},"end":{"line":57,"column":78}}]},"18":{"type":"branch","line":61,"loc":{"start":{"line":61,"column":63},"end":{"line":61,"column":93}},"locations":[{"start":{"line":61,"column":63},"end":{"line":61,"column":93}}]},"19":{"type":"branch","line":61,"loc":{"start":{"line":61,"column":73},"end":{"line":61,"column":110}},"locations":[{"start":{"line":61,"column":73},"end":{"line":61,"column":110}}]},"20":{"type":"branch","line":34,"loc":{"start":{"line":34,"column":23},"end":{"line":39,"column":8}},"locations":[{"start":{"line":34,"column":23},"end":{"line":39,"column":8}}]},"21":{"type":"branch","line":35,"loc":{"start":{"line":35,"column":30},"end":{"line":35,"column":42}},"locations":[{"start":{"line":35,"column":30},"end":{"line":35,"column":42}}]},"22":{"type":"branch","line":35,"loc":{"start":{"line":35,"column":37},"end":{"line":36,"column":37}},"locations":[{"start":{"line":35,"column":37},"end":{"line":36,"column":37}}]},"23":{"type":"branch","line":36,"loc":{"start":{"line":36,"column":30},"end":{"line":36,"column":42}},"locations":[{"start":{"line":36,"column":30},"end":{"line":36,"column":42}}]},"24":{"type":"branch","line":36,"loc":{"start":{"line":36,"column":37},"end":{"line":37,"column":37}},"locations":[{"start":{"line":36,"column":37},"end":{"line":37,"column":37}}]},"25":{"type":"branch","line":37,"loc":{"start":{"line":37,"column":30},"end":{"line":37,"column":42}},"locations":[{"start":{"line":37,"column":30},"end":{"line":37,"column":42}}]},"26":{"type":"branch","line":37,"loc":{"start":{"line":37,"column":37},"end":{"line":38,"column":20}},"locations":[{"start":{"line":37,"column":37},"end":{"line":38,"column":20}}]},"27":{"type":"branch","line":67,"loc":{"start":{"line":67,"column":21},"end":{"line":67,"column":39}},"locations":[{"start":{"line":67,"column":21},"end":{"line":67,"column":39}}]}},"b":{"0":[12],"1":[10],"2":[2],"3":[10],"4":[2],"5":[10],"6":[2],"7":[10],"8":[2],"9":[10],"10":[2],"11":[10],"12":[2],"13":[0],"14":[10],"15":[2],"16":[10],"17":[2],"18":[10],"19":[2],"20":[12],"21":[8],"22":[4],"23":[1],"24":[3],"25":[1],"26":[2],"27":[1]},"fnMap":{"0":{"name":"FinishComponent","decl":{"start":{"line":12,"column":7},"end":{"line":75,"column":1}},"loc":{"start":{"line":12,"column":7},"end":{"line":75,"column":1}},"line":12},"1":{"name":"getEmoji","decl":{"start":{"line":34,"column":23},"end":{"line":39,"column":8}},"loc":{"start":{"line":34,"column":23},"end":{"line":39,"column":8}},"line":34},"2":{"name":"onClick","decl":{"start":{"line":67,"column":21},"end":{"line":67,"column":39}},"loc":{"start":{"line":67,"column":21},"end":{"line":67,"column":39}},"line":67}},"f":{"0":12,"1":12,"2":1}}
,"C:\\Users\\yarts\\OneDrive\\Desktop\\ВУЗ\\Информационные системы в экономике - Песковацков\\web-programming-course\\lessons\\lr5\\src\\components\\MainComponents\\GameComponent.tsx": {"path":"C:\\Users\\yarts\\OneDrive\\Desktop\\ВУЗ\\Информационные системы в экономике - Песковацков\\web-programming-course\\lessons\\lr5\\src\\components\\MainComponents\\GameComponent.tsx","all":false,"statementMap":{"0":{"start":{"line":1,"column":0},"end":{"line":1,"column":41}},"1":{"start":{"line":2,"column":0},"end":{"line":2,"column":44}},"2":{"start":{"line":3,"column":0},"end":{"line":3,"column":51}},"3":{"start":{"line":4,"column":0},"end":{"line":4,"column":0}},"4":{"start":{"line":5,"column":0},"end":{"line":5,"column":30}},"5":{"start":{"line":6,"column":0},"end":{"line":6,"column":15}},"6":{"start":{"line":7,"column":0},"end":{"line":7,"column":16}},"7":{"start":{"line":8,"column":0},"end":{"line":8,"column":31}},"8":{"start":{"line":9,"column":0},"end":{"line":9,"column":24}},"9":{"start":{"line":10,"column":0},"end":{"line":10,"column":28}},"10":{"start":{"line":11,"column":0},"end":{"line":11,"column":28}},"11":{"start":{"line":12,"column":0},"end":{"line":12,"column":22}},"12":{"start":{"line":13,"column":0},"end":{"line":13,"column":19}},"13":{"start":{"line":14,"column":0},"end":{"line":14,"column":30}},"14":{"start":{"line":15,"column":0},"end":{"line":15,"column":27}},"15":{"start":{"line":16,"column":0},"end":{"line":16,"column":42}},"16":{"start":{"line":17,"column":0},"end":{"line":17,"column":33}},"17":{"start":{"line":18,"column":0},"end":{"line":18,"column":26}},"18":{"start":{"line":19,"column":0},"end":{"line":19,"column":1}},"19":{"start":{"line":20,"column":0},"end":{"line":20,"column":0}},"20":{"start":{"line":21,"column":0},"end":{"line":21,"column":31}},"21":{"start":{"line":22,"column":0},"end":{"line":22,"column":8}},"22":{"start":{"line":23,"column":0},"end":{"line":23,"column":8}},"23":{"start":{"line":24,"column":0},"end":{"line":24,"column":23}},"24":{"start":{"line":25,"column":0},"end":{"line":25,"column":12}},"25":{"start":{"line":26,"column":0},"end":{"line":26,"column":18}},"26":{"start":{"line":27,"column":0},"end":{"line":27,"column":18}},"27":{"start":{"line":28,"column":0},"end":{"line":28,"column":14}},"28":{"start":{"line":29,"column":0},"end":{"line":29,"column":11}},"29":{"start":{"line":30,"column":0},"end":{"line":30,"column":12}},"30":{"start":{"line":31,"column":0},"end":{"line":31,"column":14}},"31":{"start":{"line":32,"column":0},"end":{"line":32,"column":17}},"32":{"start":{"line":33,"column":0},"end":{"line":33,"column":21}},"33":{"start":{"line":34,"column":0},"end":{"line":34,"column":16}},"34":{"start":{"line":35,"column":0},"end":{"line":35,"column":24}},"35":{"start":{"line":36,"column":0},"end":{"line":36,"column":2}},"36":{"start":{"line":37,"column":0},"end":{"line":37,"column":4}},"37":{"start":{"line":38,"column":0},"end":{"line":38,"column":40}},"38":{"start":{"line":39,"column":0},"end":{"line":39,"column":37}},"39":{"start":{"line":40,"column":0},"end":{"line":40,"column":31}},"40":{"start":{"line":41,"column":0},"end":{"line":41,"column":0}},"41":{"start":{"line":42,"column":0},"end":{"line":42,"column":64}},"42":{"start":{"line":43,"column":0},"end":{"line":43,"column":71}},"43":{"start":{"line":44,"column":0},"end":{"line":44,"column":74}},"44":{"start":{"line":45,"column":0},"end":{"line":45,"column":77}},"45":{"start":{"line":46,"column":0},"end":{"line":46,"column":89}},"46":{"start":{"line":47,"column":0},"end":{"line":47,"column":0}},"47":{"start":{"line":48,"column":0},"end":{"line":48,"column":0}},"48":{"start":{"line":49,"column":0},"end":{"line":49,"column":55}},"49":{"start":{"line":50,"column":0},"end":{"line":50,"column":30}},"50":{"start":{"line":51,"column":0},"end":{"line":51,"column":41}},"51":{"start":{"line":52,"column":0},"end":{"line":52,"column":6}},"52":{"start":{"line":53,"column":0},"end":{"line":53,"column":45}},"53":{"start":{"line":54,"column":0},"end":{"line":54,"column":47}},"54":{"start":{"line":55,"column":0},"end":{"line":55,"column":60}},"55":{"start":{"line":56,"column":0},"end":{"line":56,"column":14}},"56":{"start":{"line":57,"column":0},"end":{"line":57,"column":76}},"57":{"start":{"line":58,"column":0},"end":{"line":58,"column":42}},"58":{"start":{"line":59,"column":0},"end":{"line":59,"column":7}},"59":{"start":{"line":60,"column":0},"end":{"line":60,"column":6}},"60":{"start":{"line":61,"column":0},"end":{"line":61,"column":0}},"61":{"start":{"line":62,"column":0},"end":{"line":62,"column":10}},"62":{"start":{"line":63,"column":0},"end":{"line":63,"column":110}},"63":{"start":{"line":64,"column":0},"end":{"line":64,"column":41}},"64":{"start":{"line":65,"column":0},"end":{"line":65,"column":33}},"65":{"start":{"line":66,"column":0},"end":{"line":66,"column":98}},"66":{"start":{"line":67,"column":0},"end":{"line":67,"column":66}},"67":{"start":{"line":68,"column":0},"end":{"line":68,"column":53}},"68":{"start":{"line":69,"column":0},"end":{"line":69,"column":69}},"69":{"start":{"line":70,"column":0},"end":{"line":70,"column":19}},"70":{"start":{"line":71,"column":0},"end":{"line":71,"column":53}},"71":{"start":{"line":72,"column":0},"end":{"line":72,"column":113}},"72":{"start":{"line":73,"column":0},"end":{"line":73,"column":29}},"73":{"start":{"line":74,"column":0},"end":{"line":74,"column":21}},"74":{"start":{"line":75,"column":0},"end":{"line":75,"column":21}},"75":{"start":{"line":76,"column":0},"end":{"line":76,"column":37}},"76":{"start":{"line":77,"column":0},"end":{"line":77,"column":148}},"77":{"start":{"line":78,"column":0},"end":{"line":78,"column":15}},"78":{"start":{"line":79,"column":0},"end":{"line":79,"column":49}},"79":{"start":{"line":80,"column":0},"end":{"line":80,"column":23}},"80":{"start":{"line":81,"column":0},"end":{"line":81,"column":18}},"81":{"start":{"line":82,"column":0},"end":{"line":82,"column":16}},"82":{"start":{"line":83,"column":0},"end":{"line":83,"column":30}},"83":{"start":{"line":84,"column":0},"end":{"line":84,"column":106}},"84":{"start":{"line":85,"column":0},"end":{"line":85,"column":16}},"85":{"start":{"line":86,"column":0},"end":{"line":86,"column":129}},"86":{"start":{"line":87,"column":0},"end":{"line":87,"column":47}},"87":{"start":{"line":88,"column":0},"end":{"line":88,"column":14}},"88":{"start":{"line":89,"column":0},"end":{"line":89,"column":16}},"89":{"start":{"line":90,"column":0},"end":{"line":90,"column":14}},"90":{"start":{"line":91,"column":0},"end":{"line":91,"column":0}},"91":{"start":{"line":92,"column":0},"end":{"line":92,"column":35}},"92":{"start":{"line":93,"column":0},"end":{"line":93,"column":95}},"93":{"start":{"line":94,"column":0},"end":{"line":94,"column":32}},"94":{"start":{"line":95,"column":0},"end":{"line":95,"column":30}},"95":{"start":{"line":96,"column":0},"end":{"line":96,"column":44}},"96":{"start":{"line":97,"column":0},"end":{"line":97,"column":87}},"97":{"start":{"line":98,"column":0},"end":{"line":98,"column":91}},"98":{"start":{"line":99,"column":0},"end":{"line":99,"column":83}},"99":{"start":{"line":100,"column":0},"end":{"line":100,"column":15}},"100":{"start":{"line":101,"column":0},"end":{"line":101,"column":65}},"101":{"start":{"line":102,"column":0},"end":{"line":102,"column":68}},"102":{"start":{"line":103,"column":0},"end":{"line":103,"column":66}},"103":{"start":{"line":104,"column":0},"end":{"line":104,"column":19}},"104":{"start":{"line":105,"column":0},"end":{"line":105,"column":16}},"105":{"start":{"line":106,"column":0},"end":{"line":106,"column":0}},"106":{"start":{"line":107,"column":0},"end":{"line":107,"column":65}},"107":{"start":{"line":108,"column":0},"end":{"line":108,"column":38}},"108":{"start":{"line":109,"column":0},"end":{"line":109,"column":15}},"109":{"start":{"line":110,"column":0},"end":{"line":110,"column":0}},"110":{"start":{"line":111,"column":0},"end":{"line":111,"column":56}},"111":{"start":{"line":112,"column":0},"end":{"line":112,"column":47}},"112":{"start":{"line":113,"column":0},"end":{"line":113,"column":48}},"113":{"start":{"line":114,"column":0},"end":{"line":114,"column":39}},"114":{"start":{"line":115,"column":0},"end":{"line":115,"column":23}},"115":{"start":{"line":116,"column":0},"end":{"line":116,"column":41}},"116":{"start":{"line":117,"column":0},"end":{"line":117,"column":64}},"117":{"start":{"line":118,"column":0},"end":{"line":118,"column":28}},"118":{"start":{"line":119,"column":0},"end":{"line":119,"column":73}},"119":{"start":{"line":120,"column":0},"end":{"line":120,"column":99}},"120":{"start":{"line":121,"column":0},"end":{"line":121,"column":71}},"121":{"start":{"line":122,"column":0},"end":{"line":122,"column":60}},"122":{"start":{"line":123,"column":0},"end":{"line":123,"column":31}},"123":{"start":{"line":124,"column":0},"end":{"line":124,"column":18}},"124":{"start":{"line":125,"column":0},"end":{"line":125,"column":56}},"125":{"start":{"line":126,"column":0},"end":{"line":126,"column":16}},"126":{"start":{"line":127,"column":0},"end":{"line":127,"column":18}},"127":{"start":{"line":128,"column":0},"end":{"line":128,"column":15}},"128":{"start":{"line":129,"column":0},"end":{"line":129,"column":54}},"129":{"start":{"line":130,"column":0},"end":{"line":130,"column":39}},"130":{"start":{"line":131,"column":0},"end":{"line":131,"column":63}},"131":{"start":{"line":132,"column":0},"end":{"line":132,"column":77}},"132":{"start":{"line":133,"column":0},"end":{"line":133,"column":41}},"133":{"start":{"line":134,"column":0},"end":{"line":134,"column":0}},"134":{"start":{"line":135,"column":0},"end":{"line":135,"column":24}},"135":{"start":{"line":136,"column":0},"end":{"line":136,"column":25}},"136":{"start":{"line":137,"column":0},"end":{"line":137,"column":58}},"137":{"start":{"line":138,"column":0},"end":{"line":138,"column":36}},"138":{"start":{"line":139,"column":0},"end":{"line":139,"column":54}},"139":{"start":{"line":140,"column":0},"end":{"line":140,"column":22}},"140":{"start":{"line":141,"column":0},"end":{"line":141,"column":32}},"141":{"start":{"line":142,"column":0},"end":{"line":142,"column":77}},"142":{"start":{"line":143,"column":0},"end":{"line":143,"column":105}},"143":{"start":{"line":144,"column":0},"end":{"line":144,"column":103}},"144":{"start":{"line":145,"column":0},"end":{"line":145,"column":135}},"145":{"start":{"line":146,"column":0},"end":{"line":146,"column":142}},"146":{"start":{"line":147,"column":0},"end":{"line":147,"column":78}},"147":{"start":{"line":148,"column":0},"end":{"line":148,"column":89}},"148":{"start":{"line":149,"column":0},"end":{"line":149,"column":76}},"149":{"start":{"line":150,"column":0},"end":{"line":150,"column":22}},"150":{"start":{"line":151,"column":0},"end":{"line":151,"column":19}},"151":{"start":{"line":152,"column":0},"end":{"line":152,"column":57}},"152":{"start":{"line":153,"column":0},"end":{"line":153,"column":40}},"153":{"start":{"line":154,"column":0},"end":{"line":154,"column":96}},"154":{"start":{"line":155,"column":0},"end":{"line":155,"column":104}},"155":{"start":{"line":156,"column":0},"end":{"line":156,"column":75}},"156":{"start":{"line":157,"column":0},"end":{"line":157,"column":88}},"157":{"start":{"line":158,"column":0},"end":{"line":158,"column":25}},"158":{"start":{"line":159,"column":0},"end":{"line":159,"column":76}},"159":{"start":{"line":160,"column":0},"end":{"line":160,"column":29}},"160":{"start":{"line":161,"column":0},"end":{"line":161,"column":77}},"161":{"start":{"line":162,"column":0},"end":{"line":162,"column":26}},"162":{"start":{"line":163,"column":0},"end":{"line":163,"column":27}},"163":{"start":{"line":164,"column":0},"end":{"line":164,"column":18}},"164":{"start":{"line":165,"column":0},"end":{"line":165,"column":17}},"165":{"start":{"line":166,"column":0},"end":{"line":166,"column":18}},"166":{"start":{"line":167,"column":0},"end":{"line":167,"column":12}},"167":{"start":{"line":168,"column":0},"end":{"line":168,"column":0}},"168":{"start":{"line":169,"column":0},"end":{"line":169,"column":32}},"169":{"start":{"line":170,"column":0},"end":{"line":170,"column":28}},"170":{"start":{"line":171,"column":0},"end":{"line":171,"column":19}},"171":{"start":{"line":172,"column":0},"end":{"line":172,"column":50}},"172":{"start":{"line":173,"column":0},"end":{"line":173,"column":135}},"173":{"start":{"line":174,"column":0},"end":{"line":174,"column":13}},"174":{"start":{"line":175,"column":0},"end":{"line":175,"column":65}},"175":{"start":{"line":176,"column":0},"end":{"line":176,"column":21}},"176":{"start":{"line":177,"column":0},"end":{"line":177,"column":12}},"177":{"start":{"line":178,"column":0},"end":{"line":178,"column":14}},"178":{"start":{"line":179,"column":0},"end":{"line":179,"column":0}},"179":{"start":{"line":180,"column":0},"end":{"line":180,"column":25}},"180":{"start":{"line":181,"column":0},"end":{"line":181,"column":117}},"181":{"start":{"line":182,"column":0},"end":{"line":182,"column":89}},"182":{"start":{"line":183,"column":0},"end":{"line":183,"column":107}},"183":{"start":{"line":184,"column":0},"end":{"line":184,"column":73}},"184":{"start":{"line":185,"column":0},"end":{"line":185,"column":14}},"185":{"start":{"line":186,"column":0},"end":{"line":186,"column":14}},"186":{"start":{"line":187,"column":0},"end":{"line":187,"column":12}},"187":{"start":{"line":188,"column":0},"end":{"line":188,"column":10}},"188":{"start":{"line":189,"column":0},"end":{"line":189,"column":4}},"189":{"start":{"line":190,"column":0},"end":{"line":190,"column":1}}},"s":{"0":1,"1":1,"2":1,"3":1,"4":1,"5":1,"6":1,"7":1,"8":1,"9":1,"10":1,"11":1,"12":1,"13":1,"14":1,"15":1,"16":1,"17":1,"18":1,"19":1,"20":1,"21":16,"22":16,"23":16,"24":16,"25":16,"26":16,"27":16,"28":16,"29":16,"30":16,"31":16,"32":16,"33":16,"34":16,"35":16,"36":16,"37":16,"38":15,"39":1,"40":16,"41":16,"42":16,"43":16,"44":16,"45":16,"46":16,"47":16,"48":16,"49":16,"50":16,"51":16,"52":16,"53":5,"54":5,"55":16,"56":11,"57":11,"58":11,"59":16,"60":16,"61":16,"62":16,"63":16,"64":16,"65":16,"66":16,"67":16,"68":16,"69":16,"70":16,"71":16,"72":16,"73":16,"74":16,"75":16,"76":16,"77":16,"78":16,"79":16,"80":16,"81":16,"82":16,"83":16,"84":16,"85":16,"86":16,"87":16,"88":16,"89":16,"90":16,"91":16,"92":16,"93":16,"94":16,"95":16,"96":16,"97":16,"98":16,"99":16,"100":16,"101":16,"102":16,"103":16,"104":16,"105":16,"106":16,"107":16,"108":16,"109":16,"110":16,"111":16,"112":5,"113":5,"114":5,"115":5,"116":5,"117":5,"118":5,"119":5,"120":5,"121":5,"122":5,"123":5,"124":5,"125":5,"126":5,"127":11,"128":11,"129":11,"130":11,"131":44,"132":44,"133":44,"134":44,"135":44,"136":44,"137":44,"138":1,"139":1,"140":44,"141":44,"142":44,"143":44,"144":44,"145":44,"146":44,"147":44,"148":44,"149":44,"150":44,"151":44,"152":44,"153":44,"154":44,"155":44,"156":44,"157":44,"158":44,"159":44,"160":44,"161":44,"162":44,"163":44,"164":11,"165":11,"166":16,"167":16,"168":16,"169":16,"170":6,"171":6,"172":6,"173":6,"174":6,"175":6,"176":16,"177":16,"178":16,"179":16,"180":16,"181":16,"182":16,"183":16,"184":16,"185":16,"186":16,"187":16,"188":16,"189":16},"branchMap":{"0":{"type":"branch","line":21,"loc":{"start":{"line":21,"column":7},"end":{"line":190,"column":1}},"locations":[{"start":{"line":21,"column":7},"end":{"line":190,"column":1}}]},"1":{"type":"branch","line":38,"loc":{"start":{"line":38,"column":33},"end":{"line":39,"column":37}},"locations":[{"start":{"line":38,"column":33},"end":{"line":39,"column":37}}]},"2":{"type":"branch","line":39,"loc":{"start":{"line":39,"column":6},"end":{"line":40,"column":31}},"locations":[{"start":{"line":39,"column":6},"end":{"line":40,"column":31}}]},"3":{"type":"branch","line":42,"loc":{"start":{"line":42,"column":27},"end":{"line":42,"column":50}},"locations":[{"start":{"line":42,"column":27},"end":{"line":42,"column":50}}]},"4":{"type":"branch","line":42,"loc":{"start":{"line":42,"column":37},"end":{"line":42,"column":64}},"locations":[{"start":{"line":42,"column":37},"end":{"line":42,"column":64}}]},"5":{"type":"branch","line":43,"loc":{"start":{"line":43,"column":30},"end":{"line":43,"column":58}},"locations":[{"start":{"line":43,"column":30},"end":{"line":43,"column":58}}]},"6":{"type":"branch","line":43,"loc":{"start":{"line":43,"column":40},"end":{"line":43,"column":71}},"locations":[{"start":{"line":43,"column":40},"end":{"line":43,"column":71}}]},"7":{"type":"branch","line":44,"loc":{"start":{"line":44,"column":30},"end":{"line":44,"column":58}},"locations":[{"start":{"line":44,"column":30},"end":{"line":44,"column":58}}]},"8":{"type":"branch","line":44,"loc":{"start":{"line":44,"column":40},"end":{"line":44,"column":74}},"locations":[{"start":{"line":44,"column":40},"end":{"line":44,"column":74}}]},"9":{"type":"branch","line":45,"loc":{"start":{"line":45,"column":33},"end":{"line":45,"column":61}},"locations":[{"start":{"line":45,"column":33},"end":{"line":45,"column":61}}]},"10":{"type":"branch","line":45,"loc":{"start":{"line":45,"column":43},"end":{"line":45,"column":77}},"locations":[{"start":{"line":45,"column":43},"end":{"line":45,"column":77}}]},"11":{"type":"branch","line":46,"loc":{"start":{"line":46,"column":33},"end":{"line":46,"column":67}},"locations":[{"start":{"line":46,"column":33},"end":{"line":46,"column":67}}]},"12":{"type":"branch","line":46,"loc":{"start":{"line":46,"column":43},"end":{"line":46,"column":89}},"locations":[{"start":{"line":46,"column":43},"end":{"line":46,"column":89}}]},"13":{"type":"branch","line":72,"loc":{"start":{"line":72,"column":62},"end":{"line":72,"column":92}},"locations":[{"start":{"line":72,"column":62},"end":{"line":72,"column":92}}]},"14":{"type":"branch","line":72,"loc":{"start":{"line":72,"column":72},"end":{"line":72,"column":109}},"locations":[{"start":{"line":72,"column":72},"end":{"line":72,"column":109}}]},"15":{"type":"branch","line":77,"loc":{"start":{"line":77,"column":52},"end":{"line":77,"column":96}},"locations":[{"start":{"line":77,"column":52},"end":{"line":77,"column":96}}]},"16":{"type":"branch","line":77,"loc":{"start":{"line":77,"column":62},"end":{"line":77,"column":127}},"locations":[{"start":{"line":77,"column":62},"end":{"line":77,"column":127}}]},"17":{"type":"branch","line":79,"loc":{"start":{"line":79,"column":27},"end":{"line":79,"column":44}},"locations":[{"start":{"line":79,"column":27},"end":{"line":79,"column":44}}]},"18":{"type":"branch","line":79,"loc":{"start":{"line":79,"column":37},"end":{"line":79,"column":49}},"locations":[{"start":{"line":79,"column":37},"end":{"line":79,"column":49}}]},"19":{"type":"branch","line":84,"loc":{"start":{"line":84,"column":46},"end":{"line":84,"column":72}},"locations":[{"start":{"line":84,"column":46},"end":{"line":84,"column":72}}]},"20":{"type":"branch","line":84,"loc":{"start":{"line":84,"column":56},"end":{"line":84,"column":85}},"locations":[{"start":{"line":84,"column":56},"end":{"line":84,"column":85}}]},"21":{"type":"branch","line":86,"loc":{"start":{"line":86,"column":38},"end":{"line":86,"column":66}},"locations":[{"start":{"line":86,"column":38},"end":{"line":86,"column":66}}]},"22":{"type":"branch","line":86,"loc":{"start":{"line":86,"column":48},"end":{"line":86,"column":81}},"locations":[{"start":{"line":86,"column":48},"end":{"line":86,"column":81}}]},"23":{"type":"branch","line":97,"loc":{"start":{"line":97,"column":47},"end":{"line":97,"column":86}},"locations":[{"start":{"line":97,"column":47},"end":{"line":97,"column":86}}]},"24":{"type":"branch","line":98,"loc":{"start":{"line":98,"column":47},"end":{"line":98,"column":90}},"locations":[{"start":{"line":98,"column":47},"end":{"line":98,"column":90}}]},"25":{"type":"branch","line":99,"loc":{"start":{"line":99,"column":47},"end":{"line":99,"column":82}},"locations":[{"start":{"line":99,"column":47},"end":{"line":99,"column":82}}]},"26":{"type":"branch","line":101,"loc":{"start":{"line":101,"column":46},"end":{"line":101,"column":65}},"locations":[{"start":{"line":101,"column":46},"end":{"line":101,"column":65}}]},"27":{"type":"branch","line":102,"loc":{"start":{"line":102,"column":46},"end":{"line":102,"column":68}},"locations":[{"start":{"line":102,"column":46},"end":{"line":102,"column":68}}]},"28":{"type":"branch","line":103,"loc":{"start":{"line":103,"column":46},"end":{"line":103,"column":66}},"locations":[{"start":{"line":103,"column":46},"end":{"line":103,"column":66}}]},"29":{"type":"branch","line":112,"loc":{"start":{"line":112,"column":36},"end":{"line":127,"column":18}},"locations":[{"start":{"line":112,"column":36},"end":{"line":127,"column":18}}]},"30":{"type":"branch","line":116,"loc":{"start":{"line":116,"column":23},"end":{"line":116,"column":41}},"locations":[{"start":{"line":116,"column":23},"end":{"line":116,"column":41}}]},"31":{"type":"branch","line":120,"loc":{"start":{"line":120,"column":40},"end":{"line":120,"column":98}},"locations":[{"start":{"line":120,"column":40},"end":{"line":120,"column":98}}]},"32":{"type":"branch","line":121,"loc":{"start":{"line":121,"column":40},"end":{"line":121,"column":70}},"locations":[{"start":{"line":121,"column":40},"end":{"line":121,"column":70}}]},"33":{"type":"branch","line":127,"loc":{"start":{"line":127,"column":12},"end":{"line":166,"column":18}},"locations":[{"start":{"line":127,"column":12},"end":{"line":166,"column":18}}]},"34":{"type":"branch","line":170,"loc":{"start":{"line":170,"column":22},"end":{"line":176,"column":21}},"locations":[{"start":{"line":170,"column":22},"end":{"line":176,"column":21}}]},"35":{"type":"branch","line":175,"loc":{"start":{"line":175,"column":15},"end":{"line":175,"column":46}},"locations":[{"start":{"line":175,"column":15},"end":{"line":175,"column":46}}]},"36":{"type":"branch","line":175,"loc":{"start":{"line":175,"column":32},"end":{"line":175,"column":65}},"locations":[{"start":{"line":175,"column":32},"end":{"line":175,"column":65}}]},"37":{"type":"branch","line":181,"loc":{"start":{"line":181,"column":74},"end":{"line":181,"column":100}},"locations":[{"start":{"line":181,"column":74},"end":{"line":181,"column":100}}]},"38":{"type":"branch","line":181,"loc":{"start":{"line":181,"column":84},"end":{"line":181,"column":113}},"locations":[{"start":{"line":181,"column":84},"end":{"line":181,"column":113}}]},"39":{"type":"branch","line":182,"loc":{"start":{"line":182,"column":45},"end":{"line":182,"column":70}},"locations":[{"start":{"line":182,"column":45},"end":{"line":182,"column":70}}]},"40":{"type":"branch","line":182,"loc":{"start":{"line":182,"column":55},"end":{"line":182,"column":85}},"locations":[{"start":{"line":182,"column":55},"end":{"line":182,"column":85}}]},"41":{"type":"branch","line":50,"loc":{"start":{"line":50,"column":23},"end":{"line":60,"column":6}},"locations":[{"start":{"line":50,"column":23},"end":{"line":60,"column":6}}]},"42":{"type":"branch","line":51,"loc":{"start":{"line":51,"column":28},"end":{"line":51,"column":41}},"locations":[{"start":{"line":51,"column":28},"end":{"line":51,"column":41}}]},"43":{"type":"branch","line":53,"loc":{"start":{"line":53,"column":44},"end":{"line":56,"column":13}},"locations":[{"start":{"line":53,"column":44},"end":{"line":56,"column":13}}]},"44":{"type":"branch","line":55,"loc":{"start":{"line":55,"column":15},"end":{"line":55,"column":60}},"locations":[{"start":{"line":55,"column":15},"end":{"line":55,"column":60}}]},"45":{"type":"branch","line":56,"loc":{"start":{"line":56,"column":6},"end":{"line":59,"column":7}},"locations":[{"start":{"line":56,"column":6},"end":{"line":59,"column":7}}]},"46":{"type":"branch","line":117,"loc":{"start":{"line":117,"column":26},"end":{"line":117,"column":64}},"locations":[{"start":{"line":117,"column":26},"end":{"line":117,"column":64}}]},"47":{"type":"branch","line":131,"loc":{"start":{"line":131,"column":43},"end":{"line":165,"column":15}},"locations":[{"start":{"line":131,"column":43},"end":{"line":165,"column":15}}]},"48":{"type":"branch","line":132,"loc":{"start":{"line":132,"column":66},"end":{"line":132,"column":77}},"locations":[{"start":{"line":132,"column":66},"end":{"line":132,"column":77}}]},"49":{"type":"branch","line":143,"loc":{"start":{"line":143,"column":49},"end":{"line":143,"column":104}},"locations":[{"start":{"line":143,"column":49},"end":{"line":143,"column":104}}]},"50":{"type":"branch","line":144,"loc":{"start":{"line":144,"column":49},"end":{"line":144,"column":102}},"locations":[{"start":{"line":144,"column":49},"end":{"line":144,"column":102}}]},"51":{"type":"branch","line":145,"loc":{"start":{"line":145,"column":40},"end":{"line":145,"column":134}},"locations":[{"start":{"line":145,"column":40},"end":{"line":145,"column":134}}]},"52":{"type":"branch","line":145,"loc":{"start":{"line":145,"column":65},"end":{"line":145,"column":104}},"locations":[{"start":{"line":145,"column":65},"end":{"line":145,"column":104}}]},"53":{"type":"branch","line":145,"loc":{"start":{"line":145,"column":75},"end":{"line":145,"column":134}},"locations":[{"start":{"line":145,"column":75},"end":{"line":145,"column":134}}]},"54":{"type":"branch","line":146,"loc":{"start":{"line":146,"column":39},"end":{"line":146,"column":141}},"locations":[{"start":{"line":146,"column":39},"end":{"line":146,"column":141}}]},"55":{"type":"branch","line":146,"loc":{"start":{"line":146,"column":74},"end":{"line":146,"column":141}},"locations":[{"start":{"line":146,"column":74},"end":{"line":146,"column":141}}]},"56":{"type":"branch","line":147,"loc":{"start":{"line":147,"column":24},"end":{"line":147,"column":77}},"locations":[{"start":{"line":147,"column":24},"end":{"line":147,"column":77}}]},"57":{"type":"branch","line":148,"loc":{"start":{"line":148,"column":24},"end":{"line":148,"column":52}},"locations":[{"start":{"line":148,"column":24},"end":{"line":148,"column":52}}]},"58":{"type":"branch","line":148,"loc":{"start":{"line":148,"column":38},"end":{"line":148,"column":62}},"locations":[{"start":{"line":148,"column":38},"end":{"line":148,"column":62}}]},"59":{"type":"branch","line":148,"loc":{"start":{"line":148,"column":52},"end":{"line":148,"column":88}},"locations":[{"start":{"line":148,"column":52},"end":{"line":148,"column":88}}]},"60":{"type":"branch","line":149,"loc":{"start":{"line":149,"column":24},"end":{"line":149,"column":48}},"locations":[{"start":{"line":149,"column":24},"end":{"line":149,"column":48}}]},"61":{"type":"branch","line":149,"loc":{"start":{"line":149,"column":38},"end":{"line":149,"column":63}},"locations":[{"start":{"line":149,"column":38},"end":{"line":149,"column":63}}]},"62":{"type":"branch","line":149,"loc":{"start":{"line":149,"column":49},"end":{"line":149,"column":75}},"locations":[{"start":{"line":149,"column":49},"end":{"line":149,"column":75}}]},"63":{"type":"branch","line":155,"loc":{"start":{"line":155,"column":52},"end":{"line":155,"column":78}},"locations":[{"start":{"line":155,"column":52},"end":{"line":155,"column":78}}]},"64":{"type":"branch","line":155,"loc":{"start":{"line":155,"column":62},"end":{"line":155,"column":103}},"locations":[{"start":{"line":155,"column":62},"end":{"line":155,"column":103}}]},"65":{"type":"branch","line":156,"loc":{"start":{"line":156,"column":26},"end":{"line":156,"column":74}},"locations":[{"start":{"line":156,"column":26},"end":{"line":156,"column":74}}]},"66":{"type":"branch","line":157,"loc":{"start":{"line":157,"column":26},"end":{"line":157,"column":54}},"locations":[{"start":{"line":157,"column":26},"end":{"line":157,"column":54}}]},"67":{"type":"branch","line":157,"loc":{"start":{"line":157,"column":40},"end":{"line":157,"column":64}},"locations":[{"start":{"line":157,"column":40},"end":{"line":157,"column":64}}]},"68":{"type":"branch","line":157,"loc":{"start":{"line":157,"column":54},"end":{"line":157,"column":87}},"locations":[{"start":{"line":157,"column":54},"end":{"line":157,"column":87}}]},"69":{"type":"branch","line":159,"loc":{"start":{"line":159,"column":25},"end":{"line":159,"column":44}},"locations":[{"start":{"line":159,"column":25},"end":{"line":159,"column":44}}]},"70":{"type":"branch","line":159,"loc":{"start":{"line":159,"column":38},"end":{"line":159,"column":76}},"locations":[{"start":{"line":159,"column":38},"end":{"line":159,"column":76}}]},"71":{"type":"branch","line":138,"loc":{"start":{"line":138,"column":29},"end":{"line":140,"column":22}},"locations":[{"start":{"line":138,"column":29},"end":{"line":140,"column":22}}]},"72":{"type":"branch","line":172,"loc":{"start":{"line":172,"column":23},"end":{"line":172,"column":50}},"locations":[{"start":{"line":172,"column":23},"end":{"line":172,"column":50}}]}},"b":{"0":[16],"1":[15],"2":[1],"3":[15],"4":[1],"5":[15],"6":[1],"7":[15],"8":[1],"9":[15],"10":[1],"11":[15],"12":[1],"13":[15],"14":[1],"15":[15],"16":[1],"17":[15],"18":[1],"19":[15],"20":[1],"21":[15],"22":[1],"23":[11],"24":[0],"25":[5],"26":[11],"27":[0],"28":[5],"29":[5],"30":[3],"31":[0],"32":[0],"33":[11],"34":[6],"35":[1],"36":[5],"37":[15],"38":[1],"39":[15],"40":[1],"41":[16],"42":[0],"43":[5],"44":[2],"45":[11],"46":[1],"47":[44],"48":[40],"49":[40],"50":[4],"51":[40],"52":[36],"53":[4],"54":[4],"55":[0],"56":[0],"57":[0],"58":[0],"59":[0],"60":[0],"61":[0],"62":[0],"63":[40],"64":[4],"65":[0],"66":[0],"67":[0],"68":[0],"69":[4],"70":[40],"71":[1],"72":[1]},"fnMap":{"0":{"name":"GameComponent","decl":{"start":{"line":21,"column":7},"end":{"line":190,"column":1}},"loc":{"start":{"line":21,"column":7},"end":{"line":190,"column":1}},"line":21},"1":{"name":"canProceed","decl":{"start":{"line":50,"column":23},"end":{"line":60,"column":6}},"loc":{"start":{"line":50,"column":23},"end":{"line":60,"column":6}},"line":50},"2":{"name":"onChange","decl":{"start":{"line":117,"column":26},"end":{"line":117,"column":64}},"loc":{"start":{"line":117,"column":26},"end":{"line":117,"column":64}},"line":117},"3":{"name":"onClick","decl":{"start":{"line":138,"column":29},"end":{"line":140,"column":22}},"loc":{"start":{"line":138,"column":29},"end":{"line":140,"column":22}},"line":138},"4":{"name":"onClick","decl":{"start":{"line":172,"column":23},"end":{"line":172,"column":50}},"loc":{"start":{"line":172,"column":23},"end":{"line":172,"column":50}},"line":172}},"f":{"0":16,"1":16,"2":1,"3":1,"4":1}}
,"C:\\Users\\yarts\\OneDrive\\Desktop\\ВУЗ\\Информационные системы в экономике - Песковацков\\web-programming-course\\lessons\\lr5\\src\\components\\MainComponents\\start.tsx": {"path":"C:\\Users\\yarts\\OneDrive\\Desktop\\ВУЗ\\Информационные системы в экономике - Песковацков\\web-programming-course\\lessons\\lr5\\src\\components\\MainComponents\\start.tsx","all":false,"statementMap":{"0":{"start":{"line":1,"column":0},"end":{"line":1,"column":41}},"1":{"start":{"line":2,"column":0},"end":{"line":2,"column":0}},"2":{"start":{"line":3,"column":0},"end":{"line":3,"column":31}},"3":{"start":{"line":4,"column":0},"end":{"line":4,"column":15}},"4":{"start":{"line":5,"column":0},"end":{"line":5,"column":24}},"5":{"start":{"line":6,"column":0},"end":{"line":6,"column":28}},"6":{"start":{"line":7,"column":0},"end":{"line":7,"column":30}},"7":{"start":{"line":8,"column":0},"end":{"line":8,"column":1}},"8":{"start":{"line":9,"column":0},"end":{"line":9,"column":0}},"9":{"start":{"line":10,"column":0},"end":{"line":10,"column":41}},"10":{"start":{"line":11,"column":0},"end":{"line":11,"column":46}},"11":{"start":{"line":12,"column":0},"end":{"line":12,"column":44}},"12":{"start":{"line":13,"column":0},"end":{"line":13,"column":73}},"13":{"start":{"line":14,"column":0},"end":{"line":14,"column":5}},"14":{"start":{"line":15,"column":0},"end":{"line":15,"column":40}},"15":{"start":{"line":16,"column":0},"end":{"line":16,"column":37}},"16":{"start":{"line":17,"column":0},"end":{"line":17,"column":31}},"17":{"start":{"line":18,"column":0},"end":{"line":18,"column":0}},"18":{"start":{"line":19,"column":0},"end":{"line":19,"column":66}},"19":{"start":{"line":20,"column":0},"end":{"line":20,"column":73}},"20":{"start":{"line":21,"column":0},"end":{"line":21,"column":76}},"21":{"start":{"line":22,"column":0},"end":{"line":22,"column":79}},"22":{"start":{"line":23,"column":0},"end":{"line":23,"column":91}},"23":{"start":{"line":24,"column":0},"end":{"line":24,"column":0}},"24":{"start":{"line":25,"column":0},"end":{"line":25,"column":12}},"25":{"start":{"line":26,"column":0},"end":{"line":26,"column":147}},"26":{"start":{"line":27,"column":0},"end":{"line":27,"column":115}},"27":{"start":{"line":28,"column":0},"end":{"line":28,"column":38}},"28":{"start":{"line":29,"column":0},"end":{"line":29,"column":51}},"29":{"start":{"line":30,"column":0},"end":{"line":30,"column":23}},"30":{"start":{"line":31,"column":0},"end":{"line":31,"column":37}},"31":{"start":{"line":32,"column":0},"end":{"line":32,"column":151}},"32":{"start":{"line":33,"column":0},"end":{"line":33,"column":17}},"33":{"start":{"line":34,"column":0},"end":{"line":34,"column":49}},"34":{"start":{"line":35,"column":0},"end":{"line":35,"column":25}},"35":{"start":{"line":36,"column":0},"end":{"line":36,"column":18}},"36":{"start":{"line":37,"column":0},"end":{"line":37,"column":0}},"37":{"start":{"line":38,"column":0},"end":{"line":38,"column":79}},"38":{"start":{"line":39,"column":0},"end":{"line":39,"column":25}},"39":{"start":{"line":40,"column":0},"end":{"line":40,"column":17}},"40":{"start":{"line":41,"column":0},"end":{"line":41,"column":85}},"41":{"start":{"line":42,"column":0},"end":{"line":42,"column":67}},"42":{"start":{"line":43,"column":0},"end":{"line":43,"column":50}},"43":{"start":{"line":44,"column":0},"end":{"line":44,"column":16}},"44":{"start":{"line":45,"column":0},"end":{"line":45,"column":0}},"45":{"start":{"line":46,"column":0},"end":{"line":46,"column":19}},"46":{"start":{"line":47,"column":0},"end":{"line":47,"column":49}},"47":{"start":{"line":48,"column":0},"end":{"line":48,"column":155}},"48":{"start":{"line":49,"column":0},"end":{"line":49,"column":13}},"49":{"start":{"line":50,"column":0},"end":{"line":50,"column":27}},"50":{"start":{"line":51,"column":0},"end":{"line":51,"column":21}},"51":{"start":{"line":52,"column":0},"end":{"line":52,"column":0}},"52":{"start":{"line":53,"column":0},"end":{"line":53,"column":59}},"53":{"start":{"line":54,"column":0},"end":{"line":54,"column":105}},"54":{"start":{"line":55,"column":0},"end":{"line":55,"column":105}},"55":{"start":{"line":56,"column":0},"end":{"line":56,"column":66}},"56":{"start":{"line":57,"column":0},"end":{"line":57,"column":20}},"57":{"start":{"line":58,"column":0},"end":{"line":58,"column":111}},"58":{"start":{"line":59,"column":0},"end":{"line":59,"column":80}},"59":{"start":{"line":60,"column":0},"end":{"line":60,"column":78}},"60":{"start":{"line":61,"column":0},"end":{"line":61,"column":21}},"61":{"start":{"line":62,"column":0},"end":{"line":62,"column":18}},"62":{"start":{"line":63,"column":0},"end":{"line":63,"column":18}},"63":{"start":{"line":64,"column":0},"end":{"line":64,"column":14}},"64":{"start":{"line":65,"column":0},"end":{"line":65,"column":10}},"65":{"start":{"line":66,"column":0},"end":{"line":66,"column":1}}},"s":{"0":1,"1":1,"2":1,"3":1,"4":1,"5":1,"6":1,"7":1,"8":1,"9":1,"10":7,"11":7,"12":7,"13":7,"14":7,"15":6,"16":1,"17":7,"18":7,"19":7,"20":7,"21":7,"22":7,"23":7,"24":7,"25":7,"26":7,"27":7,"28":7,"29":7,"30":7,"31":7,"32":7,"33":7,"34":7,"35":7,"36":7,"37":7,"38":7,"39":7,"40":7,"41":7,"42":7,"43":7,"44":7,"45":7,"46":7,"47":7,"48":7,"49":7,"50":7,"51":7,"52":7,"53":7,"54":7,"55":7,"56":7,"57":7,"58":7,"59":7,"60":7,"61":7,"62":7,"63":7,"64":7,"65":7},"branchMap":{"0":{"type":"branch","line":10,"loc":{"start":{"line":10,"column":7},"end":{"line":66,"column":1}},"locations":[{"start":{"line":10,"column":7},"end":{"line":66,"column":1}}]},"1":{"type":"branch","line":15,"loc":{"start":{"line":15,"column":33},"end":{"line":16,"column":37}},"locations":[{"start":{"line":15,"column":33},"end":{"line":16,"column":37}}]},"2":{"type":"branch","line":16,"loc":{"start":{"line":16,"column":6},"end":{"line":17,"column":31}},"locations":[{"start":{"line":16,"column":6},"end":{"line":17,"column":31}}]},"3":{"type":"branch","line":19,"loc":{"start":{"line":19,"column":29},"end":{"line":19,"column":52}},"locations":[{"start":{"line":19,"column":29},"end":{"line":19,"column":52}}]},"4":{"type":"branch","line":19,"loc":{"start":{"line":19,"column":39},"end":{"line":19,"column":66}},"locations":[{"start":{"line":19,"column":39},"end":{"line":19,"column":66}}]},"5":{"type":"branch","line":20,"loc":{"start":{"line":20,"column":32},"end":{"line":20,"column":60}},"locations":[{"start":{"line":20,"column":32},"end":{"line":20,"column":60}}]},"6":{"type":"branch","line":20,"loc":{"start":{"line":20,"column":42},"end":{"line":20,"column":73}},"locations":[{"start":{"line":20,"column":42},"end":{"line":20,"column":73}}]},"7":{"type":"branch","line":21,"loc":{"start":{"line":21,"column":32},"end":{"line":21,"column":60}},"locations":[{"start":{"line":21,"column":32},"end":{"line":21,"column":60}}]},"8":{"type":"branch","line":21,"loc":{"start":{"line":21,"column":42},"end":{"line":21,"column":76}},"locations":[{"start":{"line":21,"column":42},"end":{"line":21,"column":76}}]},"9":{"type":"branch","line":22,"loc":{"start":{"line":22,"column":35},"end":{"line":22,"column":63}},"locations":[{"start":{"line":22,"column":35},"end":{"line":22,"column":63}}]},"10":{"type":"branch","line":22,"loc":{"start":{"line":22,"column":45},"end":{"line":22,"column":79}},"locations":[{"start":{"line":22,"column":45},"end":{"line":22,"column":79}}]},"11":{"type":"branch","line":23,"loc":{"start":{"line":23,"column":35},"end":{"line":23,"column":69}},"locations":[{"start":{"line":23,"column":35},"end":{"line":23,"column":69}}]},"12":{"type":"branch","line":23,"loc":{"start":{"line":23,"column":45},"end":{"line":23,"column":91}},"locations":[{"start":{"line":23,"column":45},"end":{"line":23,"column":91}}]},"13":{"type":"branch","line":32,"loc":{"start":{"line":32,"column":55},"end":{"line":32,"column":99}},"locations":[{"start":{"line":32,"column":55},"end":{"line":32,"column":99}}]},"14":{"type":"branch","line":32,"loc":{"start":{"line":32,"column":65},"end":{"line":32,"column":130}},"locations":[{"start":{"line":32,"column":65},"end":{"line":32,"column":130}}]},"15":{"type":"branch","line":34,"loc":{"start":{"line":34,"column":27},"end":{"line":34,"column":44}},"locations":[{"start":{"line":34,"column":27},"end":{"line":34,"column":44}}]},"16":{"type":"branch","line":34,"loc":{"start":{"line":34,"column":37},"end":{"line":34,"column":49}},"locations":[{"start":{"line":34,"column":37},"end":{"line":34,"column":49}}]},"17":{"type":"branch","line":43,"loc":{"start":{"line":43,"column":23},"end":{"line":43,"column":45}},"locations":[{"start":{"line":43,"column":23},"end":{"line":43,"column":45}}]},"18":{"type":"branch","line":43,"loc":{"start":{"line":43,"column":38},"end":{"line":43,"column":50}},"locations":[{"start":{"line":43,"column":38},"end":{"line":43,"column":50}}]},"19":{"type":"branch","line":54,"loc":{"start":{"line":54,"column":61},"end":{"line":54,"column":88}},"locations":[{"start":{"line":54,"column":61},"end":{"line":54,"column":88}}]},"20":{"type":"branch","line":54,"loc":{"start":{"line":54,"column":71},"end":{"line":54,"column":101}},"locations":[{"start":{"line":54,"column":71},"end":{"line":54,"column":101}}]},"21":{"type":"branch","line":55,"loc":{"start":{"line":55,"column":51},"end":{"line":55,"column":81}},"locations":[{"start":{"line":55,"column":51},"end":{"line":55,"column":81}}]},"22":{"type":"branch","line":55,"loc":{"start":{"line":55,"column":61},"end":{"line":55,"column":96}},"locations":[{"start":{"line":55,"column":61},"end":{"line":55,"column":96}}]},"23":{"type":"branch","line":58,"loc":{"start":{"line":58,"column":52},"end":{"line":58,"column":82}},"locations":[{"start":{"line":58,"column":52},"end":{"line":58,"column":82}}]},"24":{"type":"branch","line":58,"loc":{"start":{"line":58,"column":62},"end":{"line":58,"column":97}},"locations":[{"start":{"line":58,"column":62},"end":{"line":58,"column":97}}]},"25":{"type":"branch","line":47,"loc":{"start":{"line":47,"column":25},"end":{"line":47,"column":49}},"locations":[{"start":{"line":47,"column":25},"end":{"line":47,"column":49}}]}},"b":{"0":[7],"1":[6],"2":[1],"3":[6],"4":[1],"5":[6],"6":[1],"7":[6],"8":[1],"9":[6],"10":[1],"11":[6],"12":[1],"13":[6],"14":[1],"15":[6],"16":[1],"17":[6],"18":[1],"19":[6],"20":[1],"21":[6],"22":[1],"23":[6],"24":[1],"25":[1]},"fnMap":{"0":{"name":"StartComponent","decl":{"start":{"line":10,"column":7},"end":{"line":66,"column":1}},"loc":{"start":{"line":10,"column":7},"end":{"line":66,"column":1}},"line":10},"1":{"name":"onClick","decl":{"start":{"line":47,"column":25},"end":{"line":47,"column":49}},"loc":{"start":{"line":47,"column":25},"end":{"line":47,"column":49}},"line":47}},"f":{"0":7,"1":1}}
}
